<?xml version="1.0" encoding="UTF-8"?>
<!-- Generated by org.testng.reporters.JUnitReportReporter -->
<testsuite skipped="0" hostname="DESKTOP-EM8SP10" name="com.actitime.testscript.CreateCustomer" tests="1" failures="0" timestamp="07 Jan 2021 11:46:40 GMT" time="0.016" errors="0">
  <testcase name="testCreateCustomer" time="0.016" classname="com.actitime.testscript.CreateCustomer"/>
</testsuite> <!-- com.actitime.testscript.CreateCustomer -->
